#
# A fatal error has been detected by the Java Runtime Environment:
#
#  Internal Error (javaClasses.cpp:139), pid=10740, tid=139979338897152
#  fatal error: Invalid layout of preloaded class
#
# JRE version:  (7.0_79-b14) (build )
# Java VM: OpenJDK 64-Bit Server VM (24.79-b02 mixed mode linux-amd64 compressed oops)
# Derivative: IcedTea 2.5.6
# Distribution: Ubuntu 14.04 LTS, package 7u79-2.5.6-0ubuntu1.14.04.1
# Failed to write core dump. Core dumps have been disabled. To enable core dumping, try "ulimit -c unlimited" before starting Java again
#
# If you would like to submit a bug report, please include
# instructions on how to reproduce the bug and visit:
#   http://icedtea.classpath.org/bugzilla
#

---------------  T H R E A D  ---------------

Current thread (0x00007f4f7400a000):  JavaThread "Unknown thread" [_thread_in_vm, id=10743, stack(0x00007f4f7ab55000,0x00007f4f7ac56000)]

Stack: [0x00007f4f7ab55000,0x00007f4f7ac56000],  sp=0x00007f4f7ac54900,  free space=1022k
Native frames: (J=compiled Java code, j=interpreted, Vv=VM code, C=native code)
V  [libjvm.so+0x94afd5]  VMError::report_and_die()+0x175
V  [libjvm.so+0x48b964]  report_fatal(char const*, int, char const*)+0x54
V  [libjvm.so+0x5e8d60]  compute_offset(int&, klassOopDesc*, Symbol*, Symbol*, bool) [clone .constprop.120]+0xc0
V  [libjvm.so+0x5e8e36]  java_lang_String::compute_offsets()+0x36
V  [libjvm.so+0x8cfa7c]  SystemDictionary::initialize_preloaded_classes(Thread*)+0xcc
V  [libjvm.so+0x91b328]  Universe::genesis(Thread*)+0x468
V  [libjvm.so+0x91b934]  universe2_init()+0x24
V  [libjvm.so+0x59d31a]  init_globals()+0x9a
V  [libjvm.so+0x8fe75f]  Threads::create_vm(JavaVMInitArgs*, bool*)+0x35f
V  [libjvm.so+0x608654]  JNI_CreateJavaVM+0x54
C  [libjli.so+0x2b48]


---------------  P R O C E S S  ---------------

Java Threads: ( => current thread )

Other Threads:

=>0x00007f4f7400a000 (exited) JavaThread "Unknown thread" [_thread_in_vm, id=10743, stack(0x00007f4f7ab55000,0x00007f4f7ac56000)]

VM state:not at safepoint (not fully initialized)

VM Mutex/Monitor currently owned by a thread: None

GC Heap History (0 events):
No events

Deoptimization events (0 events):
No events

Internal exceptions (0 events):
No events

Events (10 events):
Event: 0.012 loading class 0x00007f4f6b47b710 done
Event: 0.013 loading class 0x00007f4f6b47b110 done
Event: 0.013 loading class 0x00007f4f6b47b0f0
Event: 0.013 loading class 0x00007f4f6b4831a0
Event: 0.013 loading class 0x00007f4f6b4831a0 done
Event: 0.013 loading class 0x00007f4f6b4831d0
Event: 0.013 loading class 0x00007f4f6b4831d0 done
Event: 0.013 loading class 0x00007f4f6b483200
Event: 0.013 loading class 0x00007f4f6b483200 done
Event: 0.013 loading class 0x00007f4f6b47b0f0 done


Dynamic libraries:
00400000-00401000 r-xp 00000000 08:09 4986486                            /usr/lib/jvm/java-7-openjdk-amd64/jre/bin/java
00600000-00601000 r--p 00000000 08:09 4986486                            /usr/lib/jvm/java-7-openjdk-amd64/jre/bin/java
00601000-00602000 rw-p 00001000 08:09 4986486                            /usr/lib/jvm/java-7-openjdk-amd64/jre/bin/java
01302000-01323000 rw-p 00000000 00:00 0                                  [heap]
77a200000-77b700000 rw-p 00000000 00:00 0 
77b700000-784800000 rw-p 00000000 00:00 0 
784800000-789a00000 rw-p 00000000 00:00 0 
789a00000-7d6d00000 rw-p 00000000 00:00 0 
7d6d00000-7d9680000 rw-p 00000000 00:00 0 
7d9680000-800000000 rw-p 00000000 00:00 0 
7f4f5c000000-7f4f5c021000 rw-p 00000000 00:00 0 
7f4f5c021000-7f4f60000000 ---p 00000000 00:00 0 
7f4f60000000-7f4f60021000 rw-p 00000000 00:00 0 
7f4f60021000-7f4f64000000 ---p 00000000 00:00 0 
7f4f64000000-7f4f64021000 rw-p 00000000 00:00 0 
7f4f64021000-7f4f68000000 ---p 00000000 00:00 0 
7f4f6b105000-7f4f6b33f000 rw-p 00000000 00:00 0 
7f4f6b33f000-7f4f6b405000 r--s 0116f000 08:06 10885195                   /usr/local/leo-dati/IDE/android-studio/sdk/platforms/android-17/android.jar
7f4f6b405000-7f4f6fbf5000 rw-p 00000000 00:00 0 
7f4f6fbf5000-7f4f6fbf6000 ---p 00000000 00:00 0 
7f4f6fbf6000-7f4f6fcf6000 rw-p 00000000 00:00 0                          [stack:10750]
7f4f6fcf6000-7f4f6fcf7000 ---p 00000000 00:00 0 
7f4f6fcf7000-7f4f6fdf7000 rw-p 00000000 00:00 0                          [stack:10749]
7f4f6fdf7000-7f4f6fdf8000 ---p 00000000 00:00 0 
7f4f6fdf8000-7f4f6ff21000 rw-p 00000000 00:00 0                          [stack:10748]
7f4f6ff21000-7f4f7018b000 rw-p 00000000 00:00 0 
7f4f7018b000-7f4f70196000 rw-p 00000000 00:00 0 
7f4f70196000-7f4f701de000 rw-p 00000000 00:00 0 
7f4f701de000-7f4f70207000 rw-p 00000000 00:00 0 
7f4f70207000-7f4f70470000 rw-p 00000000 00:00 0 
7f4f70470000-7f4f70486000 rw-p 00000000 00:00 0 
7f4f70486000-7f4f705ba000 rw-p 00000000 00:00 0 
7f4f705ba000-7f4f705bb000 rw-p 00000000 00:00 0 
7f4f705bb000-7f4f7082b000 rwxp 00000000 00:00 0 
7f4f7082b000-7f4f735bb000 rw-p 00000000 00:00 0 
7f4f735bb000-7f4f735c3000 r-xp 00000000 08:09 4986417                    /usr/lib/jvm/java-7-openjdk-amd64/jre/lib/amd64/libzip.so
7f4f735c3000-7f4f737c2000 ---p 00008000 08:09 4986417                    /usr/lib/jvm/java-7-openjdk-amd64/jre/lib/amd64/libzip.so
7f4f737c2000-7f4f737c3000 r--p 00007000 08:09 4986417                    /usr/lib/jvm/java-7-openjdk-amd64/jre/lib/amd64/libzip.so
7f4f737c3000-7f4f737c4000 rw-p 00008000 08:09 4986417                    /usr/lib/jvm/java-7-openjdk-amd64/jre/lib/amd64/libzip.so
7f4f737c4000-7f4f737cf000 r-xp 00000000 08:09 3813685                    /lib/x86_64-linux-gnu/libnss_files-2.19.so
7f4f737cf000-7f4f739ce000 ---p 0000b000 08:09 3813685                    /lib/x86_64-linux-gnu/libnss_files-2.19.so
7f4f739ce000-7f4f739cf000 r--p 0000a000 08:09 3813685                    /lib/x86_64-linux-gnu/libnss_files-2.19.so
7f4f739cf000-7f4f739d0000 rw-p 0000b000 08:09 3813685                    /lib/x86_64-linux-gnu/libnss_files-2.19.so
7f4f739d0000-7f4f739db000 r-xp 00000000 08:09 3813706                    /lib/x86_64-linux-gnu/libnss_nis-2.19.so
7f4f739db000-7f4f73bda000 ---p 0000b000 08:09 3813706                    /lib/x86_64-linux-gnu/libnss_nis-2.19.so
7f4f73bda000-7f4f73bdb000 r--p 0000a000 08:09 3813706                    /lib/x86_64-linux-gnu/libnss_nis-2.19.so
7f4f73bdb000-7f4f73bdc000 rw-p 0000b000 08:09 3813706                    /lib/x86_64-linux-gnu/libnss_nis-2.19.so
7f4f73bdc000-7f4f73bf3000 r-xp 00000000 08:09 3813695                    /lib/x86_64-linux-gnu/libnsl-2.19.so
7f4f73bf3000-7f4f73df2000 ---p 00017000 08:09 3813695                    /lib/x86_64-linux-gnu/libnsl-2.19.so
7f4f73df2000-7f4f73df3000 r--p 00016000 08:09 3813695                    /lib/x86_64-linux-gnu/libnsl-2.19.so
7f4f73df3000-7f4f73df4000 rw-p 00017000 08:09 3813695                    /lib/x86_64-linux-gnu/libnsl-2.19.so
7f4f73df4000-7f4f73df6000 rw-p 00000000 00:00 0 
7f4f73df6000-7f4f73dff000 r-xp 00000000 08:09 3813694                    /lib/x86_64-linux-gnu/libnss_compat-2.19.so
7f4f73dff000-7f4f73ffe000 ---p 00009000 08:09 3813694                    /lib/x86_64-linux-gnu/libnss_compat-2.19.so
7f4f73ffe000-7f4f73fff000 r--p 00008000 08:09 3813694                    /lib/x86_64-linux-gnu/libnss_compat-2.19.so
7f4f73fff000-7f4f74000000 rw-p 00009000 08:09 3813694                    /lib/x86_64-linux-gnu/libnss_compat-2.19.so
7f4f74000000-7f4f74056000 rw-p 00000000 00:00 0 
7f4f74056000-7f4f78000000 ---p 00000000 00:00 0 
7f4f7801f000-7f4f78095000 rw-p 00000000 00:00 0 
7f4f78095000-7f4f78096000 ---p 00000000 00:00 0 
7f4f78096000-7f4f781a1000 rw-p 00000000 00:00 0                          [stack:10747]
7f4f781a1000-7f4f781e9000 rw-p 00000000 00:00 0 
7f4f781e9000-7f4f78214000 r-xp 00000000 08:09 4986451                    /usr/lib/jvm/java-7-openjdk-amd64/jre/lib/amd64/libjava.so
7f4f78214000-7f4f78413000 ---p 0002b000 08:09 4986451                    /usr/lib/jvm/java-7-openjdk-amd64/jre/lib/amd64/libjava.so
7f4f78413000-7f4f78414000 r--p 0002a000 08:09 4986451                    /usr/lib/jvm/java-7-openjdk-amd64/jre/lib/amd64/libjava.so
7f4f78414000-7f4f78416000 rw-p 0002b000 08:09 4986451                    /usr/lib/jvm/java-7-openjdk-amd64/jre/lib/amd64/libjava.so
7f4f78416000-7f4f78426000 r-xp 00000000 08:09 4986433                    /usr/lib/jvm/java-7-openjdk-amd64/jre/lib/amd64/libverify.so
7f4f78426000-7f4f78625000 ---p 00010000 08:09 4986433                    /usr/lib/jvm/java-7-openjdk-amd64/jre/lib/amd64/libverify.so
7f4f78625000-7f4f78627000 r--p 0000f000 08:09 4986433                    /usr/lib/jvm/java-7-openjdk-amd64/jre/lib/amd64/libverify.so
7f4f78627000-7f4f78628000 rw-p 00011000 08:09 4986433                    /usr/lib/jvm/java-7-openjdk-amd64/jre/lib/amd64/libverify.so
7f4f78628000-7f4f7862f000 r-xp 00000000 08:09 3813703                    /lib/x86_64-linux-gnu/librt-2.19.so
7f4f7862f000-7f4f7882e000 ---p 00007000 08:09 3813703                    /lib/x86_64-linux-gnu/librt-2.19.so
7f4f7882e000-7f4f7882f000 r--p 00006000 08:09 3813703                    /lib/x86_64-linux-gnu/librt-2.19.so
7f4f7882f000-7f4f78830000 rw-p 00007000 08:09 3813703                    /lib/x86_64-linux-gnu/librt-2.19.so
7f4f78830000-7f4f78846000 r-xp 00000000 08:09 3805094                    /lib/x86_64-linux-gnu/libgcc_s.so.1
7f4f78846000-7f4f78a45000 ---p 00016000 08:09 3805094                    /lib/x86_64-linux-gnu/libgcc_s.so.1
7f4f78a45000-7f4f78a46000 rw-p 00015000 08:09 3805094                    /lib/x86_64-linux-gnu/libgcc_s.so.1
7f4f78a46000-7f4f78b4b000 r-xp 00000000 08:09 3805128                    /lib/x86_64-linux-gnu/libm-2.19.so
7f4f78b4b000-7f4f78d4a000 ---p 00105000 08:09 3805128                    /lib/x86_64-linux-gnu/libm-2.19.so
7f4f78d4a000-7f4f78d4b000 r--p 00104000 08:09 3805128                    /lib/x86_64-linux-gnu/libm-2.19.so
7f4f78d4b000-7f4f78d4c000 rw-p 00105000 08:09 3805128                    /lib/x86_64-linux-gnu/libm-2.19.so
7f4f78d4c000-7f4f78e32000 r-xp 00000000 08:09 4851001                    /usr/lib/x86_64-linux-gnu/libstdc++.so.6.0.19
7f4f78e32000-7f4f79031000 ---p 000e6000 08:09 4851001                    /usr/lib/x86_64-linux-gnu/libstdc++.so.6.0.19
7f4f79031000-7f4f79039000 r--p 000e5000 08:09 4851001                    /usr/lib/x86_64-linux-gnu/libstdc++.so.6.0.19
7f4f79039000-7f4f7903b000 rw-p 000ed000 08:09 4851001                    /usr/lib/x86_64-linux-gnu/libstdc++.so.6.0.19
7f4f7903b000-7f4f79050000 rw-p 00000000 00:00 0 
7f4f79050000-7f4f79b69000 r-xp 00000000 08:09 4986421                    /usr/lib/jvm/java-7-openjdk-amd64/jre/lib/amd64/server/libjvm.so
7f4f79b69000-7f4f79d69000 ---p 00b19000 08:09 4986421                    /usr/lib/jvm/java-7-openjdk-amd64/jre/lib/amd64/server/libjvm.so
7f4f79d69000-7f4f79e03000 r--p 00b19000 08:09 4986421                    /usr/lib/jvm/java-7-openjdk-amd64/jre/lib/amd64/server/libjvm.so
7f4f79e03000-7f4f79e26000 rw-p 00bb3000 08:09 4986421                    /usr/lib/jvm/java-7-openjdk-amd64/jre/lib/amd64/server/libjvm.so
7f4f79e26000-7f4f79e54000 rw-p 00000000 00:00 0 
7f4f79e54000-7f4f79e6c000 r-xp 00000000 08:09 3805280                    /lib/x86_64-linux-gnu/libz.so.1.2.8
7f4f79e6c000-7f4f7a06b000 ---p 00018000 08:09 3805280                    /lib/x86_64-linux-gnu/libz.so.1.2.8
7f4f7a06b000-7f4f7a06c000 r--p 00017000 08:09 3805280                    /lib/x86_64-linux-gnu/libz.so.1.2.8
7f4f7a06c000-7f4f7a06d000 rw-p 00018000 08:09 3805280                    /lib/x86_64-linux-gnu/libz.so.1.2.8
7f4f7a06d000-7f4f7a086000 r-xp 00000000 08:09 3813701                    /lib/x86_64-linux-gnu/libpthread-2.19.so
7f4f7a086000-7f4f7a285000 ---p 00019000 08:09 3813701                    /lib/x86_64-linux-gnu/libpthread-2.19.so
7f4f7a285000-7f4f7a286000 r--p 00018000 08:09 3813701                    /lib/x86_64-linux-gnu/libpthread-2.19.so
7f4f7a286000-7f4f7a287000 rw-p 00019000 08:09 3813701                    /lib/x86_64-linux-gnu/libpthread-2.19.so
7f4f7a287000-7f4f7a28b000 rw-p 00000000 00:00 0 
7f4f7a28b000-7f4f7a28e000 r-xp 00000000 08:09 3813689                    /lib/x86_64-linux-gnu/libdl-2.19.so
7f4f7a28e000-7f4f7a48d000 ---p 00003000 08:09 3813689                    /lib/x86_64-linux-gnu/libdl-2.19.so
7f4f7a48d000-7f4f7a48e000 r--p 00002000 08:09 3813689                    /lib/x86_64-linux-gnu/libdl-2.19.so
7f4f7a48e000-7f4f7a48f000 rw-p 00003000 08:09 3813689                    /lib/x86_64-linux-gnu/libdl-2.19.so
7f4f7a48f000-7f4f7a64a000 r-xp 00000000 08:09 3813700                    /lib/x86_64-linux-gnu/libc-2.19.so
7f4f7a64a000-7f4f7a849000 ---p 001bb000 08:09 3813700                    /lib/x86_64-linux-gnu/libc-2.19.so
7f4f7a849000-7f4f7a84d000 r--p 001ba000 08:09 3813700                    /lib/x86_64-linux-gnu/libc-2.19.so
7f4f7a84d000-7f4f7a84f000 rw-p 001be000 08:09 3813700                    /lib/x86_64-linux-gnu/libc-2.19.so
7f4f7a84f000-7f4f7a854000 rw-p 00000000 00:00 0 
7f4f7a854000-7f4f7a861000 r-xp 00000000 08:09 4986419                    /usr/lib/jvm/java-7-openjdk-amd64/jre/lib/amd64/jli/libjli.so
7f4f7a861000-7f4f7aa60000 ---p 0000d000 08:09 4986419                    /usr/lib/jvm/java-7-openjdk-amd64/jre/lib/amd64/jli/libjli.so
7f4f7aa60000-7f4f7aa61000 r--p 0000c000 08:09 4986419                    /usr/lib/jvm/java-7-openjdk-amd64/jre/lib/amd64/jli/libjli.so
7f4f7aa61000-7f4f7aa62000 rw-p 0000d000 08:09 4986419                    /usr/lib/jvm/java-7-openjdk-amd64/jre/lib/amd64/jli/libjli.so
7f4f7aa62000-7f4f7aa85000 r-xp 00000000 08:09 3813697                    /lib/x86_64-linux-gnu/ld-2.19.so
7f4f7aa95000-7f4f7aa9f000 rw-p 00000000 00:00 0 
7f4f7aa9f000-7f4f7ab55000 rw-p 00000000 00:00 0 
7f4f7ab55000-7f4f7ab58000 ---p 00000000 00:00 0 
7f4f7ab58000-7f4f7ac5b000 rw-p 00000000 00:00 0                          [stack:10743]
7f4f7ac76000-7f4f7ac78000 rw-p 00000000 00:00 0 
7f4f7ac78000-7f4f7ac80000 rw-s 00000000 08:09 666905                     /tmp/hsperfdata_leo/10740
7f4f7ac80000-7f4f7ac81000 rw-p 00000000 00:00 0 
7f4f7ac81000-7f4f7ac82000 r--p 00000000 00:00 0 
7f4f7ac82000-7f4f7ac84000 rw-p 00000000 00:00 0 
7f4f7ac84000-7f4f7ac85000 r--p 00022000 08:09 3813697                    /lib/x86_64-linux-gnu/ld-2.19.so
7f4f7ac85000-7f4f7ac86000 rw-p 00023000 08:09 3813697                    /lib/x86_64-linux-gnu/ld-2.19.so
7f4f7ac86000-7f4f7ac87000 rw-p 00000000 00:00 0 
7ffc204b2000-7ffc204d4000 rw-p 00000000 00:00 0                          [stack]
7ffc20512000-7ffc20514000 r-xp 00000000 00:00 0                          [vdso]
ffffffffff600000-ffffffffff601000 r-xp 00000000 00:00 0                  [vsyscall]
7ffc20512000-7ffc20514000 r-xp 00000000 00:00 0                          [vdso]
ffffffffff600000-ffffffffff601000 r-xp 00000000 00:00 0                  [vsyscall]

VM Arguments:
jvm_args: -Dfile.encoding=UTF-8 -Xbootclasspath:/usr/local/leo-dati/IDE/android-studio/sdk/platforms/android-17/android.jar 
java_command: it.test.serviceschedule.ServerLeo
Launcher Type: SUN_STANDARD

Environment Variables:
PATH=/usr/local/sbin:/usr/local/bin:/usr/sbin:/usr/bin:/sbin:/bin:/usr/games:/usr/local/games
SHELL=/bin/bash
DISPLAY=:1

Signal Handlers:
SIGSEGV: [libjvm.so+0x94bab0], sa_mask[0]=0x7ffbfeff, sa_flags=0x10000004
SIGBUS: [libjvm.so+0x94bab0], sa_mask[0]=0x7ffbfeff, sa_flags=0x10000004
SIGFPE: [libjvm.so+0x7c38b0], sa_mask[0]=0x7ffbfeff, sa_flags=0x10000004
SIGPIPE: [libjvm.so+0x7c38b0], sa_mask[0]=0x7ffbfeff, sa_flags=0x10000004
SIGXFSZ: [libjvm.so+0x7c38b0], sa_mask[0]=0x7ffbfeff, sa_flags=0x10000004
SIGILL: [libjvm.so+0x7c38b0], sa_mask[0]=0x7ffbfeff, sa_flags=0x10000004
SIGUSR1: SIG_DFL, sa_mask[0]=0x00000000, sa_flags=0x00000000
SIGUSR2: [libjvm.so+0x7c3750], sa_mask[0]=0x00000004, sa_flags=0x10000004
SIGHUP: SIG_DFL, sa_mask[0]=0x00000000, sa_flags=0x00000000
SIGINT: SIG_DFL, sa_mask[0]=0x00000000, sa_flags=0x00000000
SIGTERM: SIG_DFL, sa_mask[0]=0x00000000, sa_flags=0x00000000
SIGQUIT: SIG_DFL, sa_mask[0]=0x00000000, sa_flags=0x00000000
SIGTRAP: SIG_DFL, sa_mask[0]=0x00000000, sa_flags=0x00000000


---------------  S Y S T E M  ---------------

OS:Ubuntu 14.04 (trusty)
uname:Linux 3.13.0-65-generic #106-Ubuntu SMP Fri Oct 2 22:08:27 UTC 2015 x86_64
libc:glibc 2.19 NPTL 2.19 
rlimit: STACK 8192k, CORE 0k, NPROC 63005, NOFILE 4096, AS infinity
load average:0.96 0.83 0.77

/proc/meminfo:
MemTotal:        8086360 kB
MemFree:         1695420 kB
Buffers:          119872 kB
Cached:          3320896 kB
SwapCached:            0 kB
Active:          4027420 kB
Inactive:        2033188 kB
Active(anon):    2621524 kB
Inactive(anon):   969940 kB
Active(file):    1405896 kB
Inactive(file):  1063248 kB
Unevictable:         180 kB
Mlocked:             180 kB
SwapTotal:      24630268 kB
SwapFree:       24630268 kB
Dirty:              1328 kB
Writeback:             0 kB
AnonPages:       2620248 kB
Mapped:           509728 kB
Shmem:            971492 kB
Slab:             166800 kB
SReclaimable:     118912 kB
SUnreclaim:        47888 kB
KernelStack:        7312 kB
PageTables:        60776 kB
NFS_Unstable:          0 kB
Bounce:                0 kB
WritebackTmp:          0 kB
CommitLimit:    28673448 kB
Committed_AS:    9719152 kB
VmallocTotal:   34359738367 kB
VmallocUsed:      560240 kB
VmallocChunk:   34359170388 kB
HardwareCorrupted:     0 kB
AnonHugePages:   1718272 kB
HugePages_Total:       0
HugePages_Free:        0
HugePages_Rsvd:        0
HugePages_Surp:        0
Hugepagesize:       2048 kB
DirectMap4k:       66188 kB
DirectMap2M:     8232960 kB


CPU:total 4 (2 cores per cpu, 2 threads per core) family 6 model 42 stepping 7, cmov, cx8, fxsr, mmx, sse, sse2, sse3, ssse3, sse4.1, sse4.2, popcnt, avx, aes, ht, tsc, tscinvbit

/proc/cpuinfo:
processor	: 0
vendor_id	: GenuineIntel
cpu family	: 6
model		: 42
model name	: Intel(R) Core(TM) i5-2450M CPU @ 2.50GHz
stepping	: 7
microcode	: 0x1a
cpu MHz		: 2501.000
cache size	: 3072 KB
physical id	: 0
siblings	: 4
core id		: 0
cpu cores	: 2
apicid		: 0
initial apicid	: 0
fpu		: yes
fpu_exception	: yes
cpuid level	: 13
wp		: yes
flags		: fpu vme de pse tsc msr pae mce cx8 apic sep mtrr pge mca cmov pat pse36 clflush dts acpi mmx fxsr sse sse2 ss ht tm pbe syscall nx rdtscp lm constant_tsc arch_perfmon pebs bts rep_good nopl xtopology nonstop_tsc aperfmperf eagerfpu pni pclmulqdq dtes64 monitor ds_cpl vmx est tm2 ssse3 cx16 xtpr pdcm pcid sse4_1 sse4_2 x2apic popcnt tsc_deadline_timer aes xsave avx lahf_lm ida arat epb xsaveopt pln pts dtherm tpr_shadow vnmi flexpriority ept vpid
bogomips	: 4988.23
clflush size	: 64
cache_alignment	: 64
address sizes	: 36 bits physical, 48 bits virtual
power management:

processor	: 1
vendor_id	: GenuineIntel
cpu family	: 6
model		: 42
model name	: Intel(R) Core(TM) i5-2450M CPU @ 2.50GHz
stepping	: 7
microcode	: 0x1a
cpu MHz		: 2501.000
cache size	: 3072 KB
physical id	: 0
siblings	: 4
core id		: 0
cpu cores	: 2
apicid		: 1
initial apicid	: 1
fpu		: yes
fpu_exception	: yes
cpuid level	: 13
wp		: yes
flags		: fpu vme de pse tsc msr pae mce cx8 apic sep mtrr pge mca cmov pat pse36 clflush dts acpi mmx fxsr sse sse2 ss ht tm pbe syscall nx rdtscp lm constant_tsc arch_perfmon pebs bts rep_good nopl xtopology nonstop_tsc aperfmperf eagerfpu pni pclmulqdq dtes64 monitor ds_cpl vmx est tm2 ssse3 cx16 xtpr pdcm pcid sse4_1 sse4_2 x2apic popcnt tsc_deadline_timer aes xsave avx lahf_lm ida arat epb xsaveopt pln pts dtherm tpr_shadow vnmi flexpriority ept vpid
bogomips	: 4988.23
clflush size	: 64
cache_alignment	: 64
address sizes	: 36 bits physical, 48 bits virtual
power management:

processor	: 2
vendor_id	: GenuineIntel
cpu family	: 6
model		: 42
model name	: Intel(R) Core(TM) i5-2450M CPU @ 2.50GHz
stepping	: 7
microcode	: 0x1a
cpu MHz		: 1800.000
cache size	: 3072 KB
physical id	: 0
siblings	: 4
core id		: 1
cpu cores	: 2
apicid		: 2
initial apicid	: 2
fpu		: yes
fpu_exception	: yes
cpuid level	: 13
wp		: yes
flags		: fpu vme de pse tsc msr pae mce cx8 apic sep mtrr pge mca cmov pat pse36 clflush dts acpi mmx fxsr sse sse2 ss ht tm pbe syscall nx rdtscp lm constant_tsc arch_perfmon pebs bts rep_good nopl xtopology nonstop_tsc aperfmperf eagerfpu pni pclmulqdq dtes64 monitor ds_cpl vmx est tm2 ssse3 cx16 xtpr pdcm pcid sse4_1 sse4_2 x2apic popcnt tsc_deadline_timer aes xsave avx lahf_lm ida arat epb xsaveopt pln pts dtherm tpr_shadow vnmi flexpriority ept vpid
bogomips	: 4988.23
clflush size	: 64
cache_alignment	: 64
address sizes	: 36 bits physical, 48 bits virtual
power management:

processor	: 3
vendor_id	: GenuineIntel
cpu family	: 6
model		: 42
model name	: Intel(R) Core(TM) i5-2450M CPU @ 2.50GHz
stepping	: 7
microcode	: 0x1a
cpu MHz		: 2501.000
cache size	: 3072 KB
physical id	: 0
siblings	: 4
core id		: 1
cpu cores	: 2
apicid		: 3
initial apicid	: 3
fpu		: yes
fpu_exception	: yes
cpuid level	: 13
wp		: yes
flags		: fpu vme de pse tsc msr pae mce cx8 apic sep mtrr pge mca cmov pat pse36 clflush dts acpi mmx fxsr sse sse2 ss ht tm pbe syscall nx rdtscp lm constant_tsc arch_perfmon pebs bts rep_good nopl xtopology nonstop_tsc aperfmperf eagerfpu pni pclmulqdq dtes64 monitor ds_cpl vmx est tm2 ssse3 cx16 xtpr pdcm pcid sse4_1 sse4_2 x2apic popcnt tsc_deadline_timer aes xsave avx lahf_lm ida arat epb xsaveopt pln pts dtherm tpr_shadow vnmi flexpriority ept vpid
bogomips	: 4988.23
clflush size	: 64
cache_alignment	: 64
address sizes	: 36 bits physical, 48 bits virtual
power management:



Memory: 4k page, physical 8086360k(1695420k free), swap 24630268k(24630268k free)

vm_info: OpenJDK 64-Bit Server VM (24.79-b02) for linux-amd64 JRE (1.7.0_79-b14), built on Jul 24 2015 08:15:54 by "buildd" with gcc 4.8.2

time: Sun Oct 18 23:08:51 2015
elapsed time: 0 seconds

