#
# A fatal error has been detected by the Java Runtime Environment:
#
#  Internal Error (javaClasses.cpp:139), pid=10694, tid=140127170025216
#  fatal error: Invalid layout of preloaded class
#
# JRE version:  (7.0_79-b14) (build )
# Java VM: OpenJDK 64-Bit Server VM (24.79-b02 mixed mode linux-amd64 compressed oops)
# Derivative: IcedTea 2.5.6
# Distribution: Ubuntu 14.04 LTS, package 7u79-2.5.6-0ubuntu1.14.04.1
# Failed to write core dump. Core dumps have been disabled. To enable core dumping, try "ulimit -c unlimited" before starting Java again
#
# If you would like to submit a bug report, please include
# instructions on how to reproduce the bug and visit:
#   http://icedtea.classpath.org/bugzilla
#

---------------  T H R E A D  ---------------

Current thread (0x00007f71dc00a000):  JavaThread "Unknown thread" [_thread_in_vm, id=10696, stack(0x00007f71e6215000,0x00007f71e6316000)]

Stack: [0x00007f71e6215000,0x00007f71e6316000],  sp=0x00007f71e6314900,  free space=1022k
Native frames: (J=compiled Java code, j=interpreted, Vv=VM code, C=native code)
V  [libjvm.so+0x94afd5]  VMError::report_and_die()+0x175
V  [libjvm.so+0x48b964]  report_fatal(char const*, int, char const*)+0x54
V  [libjvm.so+0x5e8d60]  compute_offset(int&, klassOopDesc*, Symbol*, Symbol*, bool) [clone .constprop.120]+0xc0
V  [libjvm.so+0x5e8e36]  java_lang_String::compute_offsets()+0x36
V  [libjvm.so+0x8cfa7c]  SystemDictionary::initialize_preloaded_classes(Thread*)+0xcc
V  [libjvm.so+0x91b328]  Universe::genesis(Thread*)+0x468
V  [libjvm.so+0x91b934]  universe2_init()+0x24
V  [libjvm.so+0x59d31a]  init_globals()+0x9a
V  [libjvm.so+0x8fe75f]  Threads::create_vm(JavaVMInitArgs*, bool*)+0x35f
V  [libjvm.so+0x608654]  JNI_CreateJavaVM+0x54
C  [libjli.so+0x2b48]


---------------  P R O C E S S  ---------------

Java Threads: ( => current thread )

Other Threads:

=>0x00007f71dc00a000 (exited) JavaThread "Unknown thread" [_thread_in_vm, id=10696, stack(0x00007f71e6215000,0x00007f71e6316000)]

VM state:not at safepoint (not fully initialized)

VM Mutex/Monitor currently owned by a thread: None

GC Heap History (0 events):
No events

Deoptimization events (0 events):
No events

Internal exceptions (0 events):
No events

Events (10 events):
Event: 0.010 loading class 0x00007f71e1e6e710 done
Event: 0.010 loading class 0x00007f71e1e6e110 done
Event: 0.010 loading class 0x00007f71e1e6e0f0
Event: 0.010 loading class 0x00007f71e1e761a0
Event: 0.010 loading class 0x00007f71e1e761a0 done
Event: 0.010 loading class 0x00007f71e1e761d0
Event: 0.011 loading class 0x00007f71e1e761d0 done
Event: 0.011 loading class 0x00007f71e1e76200
Event: 0.011 loading class 0x00007f71e1e76200 done
Event: 0.011 loading class 0x00007f71e1e6e0f0 done


Dynamic libraries:
00400000-00401000 r-xp 00000000 08:09 4986486                            /usr/lib/jvm/java-7-openjdk-amd64/jre/bin/java
00600000-00601000 r--p 00000000 08:09 4986486                            /usr/lib/jvm/java-7-openjdk-amd64/jre/bin/java
00601000-00602000 rw-p 00001000 08:09 4986486                            /usr/lib/jvm/java-7-openjdk-amd64/jre/bin/java
01d56000-01d77000 rw-p 00000000 00:00 0                                  [heap]
77a200000-77b700000 rw-p 00000000 00:00 0 
77b700000-784800000 rw-p 00000000 00:00 0 
784800000-789a00000 rw-p 00000000 00:00 0 
789a00000-7d6d00000 rw-p 00000000 00:00 0 
7d6d00000-7d9680000 rw-p 00000000 00:00 0 
7d9680000-800000000 rw-p 00000000 00:00 0 
7f71b7d10000-7f71bc000000 rw-p 00000000 00:00 0 
7f71bc000000-7f71bc021000 rw-p 00000000 00:00 0 
7f71bc021000-7f71c0000000 ---p 00000000 00:00 0 
7f71c4000000-7f71c4021000 rw-p 00000000 00:00 0 
7f71c4021000-7f71c8000000 ---p 00000000 00:00 0 
7f71cc000000-7f71cc021000 rw-p 00000000 00:00 0 
7f71cc021000-7f71d0000000 ---p 00000000 00:00 0 
7f71d4000000-7f71d4021000 rw-p 00000000 00:00 0 
7f71d4021000-7f71d8000000 ---p 00000000 00:00 0 
7f71d9000000-7f71d9270000 rwxp 00000000 00:00 0 
7f71d9270000-7f71dc056000 rw-p 00000000 00:00 0 
7f71dc056000-7f71e0000000 ---p 00000000 00:00 0 
7f71e1ad4000-7f71e1d32000 rw-p 00000000 00:00 0 
7f71e1d32000-7f71e1df8000 r--s 0116f000 08:06 10885195                   /usr/local/leo-dati/IDE/android-studio/sdk/platforms/android-17/android.jar
7f71e1df8000-7f71e234a000 rw-p 00000000 00:00 0 
7f71e234a000-7f71e234b000 ---p 00000000 00:00 0 
7f71e234b000-7f71e244b000 rw-p 00000000 00:00 0                          [stack:10700]
7f71e244b000-7f71e244c000 ---p 00000000 00:00 0 
7f71e244c000-7f71e254c000 rw-p 00000000 00:00 0                          [stack:10699]
7f71e254c000-7f71e254d000 ---p 00000000 00:00 0 
7f71e254d000-7f71e264d000 rw-p 00000000 00:00 0                          [stack:10698]
7f71e264d000-7f71e264e000 ---p 00000000 00:00 0 
7f71e264e000-7f71e2759000 rw-p 00000000 00:00 0                          [stack:10697]
7f71e2759000-7f71e27a1000 rw-p 00000000 00:00 0 
7f71e27a1000-7f71e27ca000 rw-p 00000000 00:00 0 
7f71e27ca000-7f71e2a34000 rw-p 00000000 00:00 0 
7f71e2a34000-7f71e2a3f000 rw-p 00000000 00:00 0 
7f71e2a3f000-7f71e2a87000 rw-p 00000000 00:00 0 
7f71e2a87000-7f71e2ab0000 rw-p 00000000 00:00 0 
7f71e2ab0000-7f71e2d19000 rw-p 00000000 00:00 0 
7f71e2d19000-7f71e2d2f000 rw-p 00000000 00:00 0 
7f71e2d2f000-7f71e2e63000 rw-p 00000000 00:00 0 
7f71e2e63000-7f71e2e64000 rw-p 00000000 00:00 0 
7f71e2e64000-7f71e2e6c000 r-xp 00000000 08:09 4986417                    /usr/lib/jvm/java-7-openjdk-amd64/jre/lib/amd64/libzip.so
7f71e2e6c000-7f71e306b000 ---p 00008000 08:09 4986417                    /usr/lib/jvm/java-7-openjdk-amd64/jre/lib/amd64/libzip.so
7f71e306b000-7f71e306c000 r--p 00007000 08:09 4986417                    /usr/lib/jvm/java-7-openjdk-amd64/jre/lib/amd64/libzip.so
7f71e306c000-7f71e306d000 rw-p 00008000 08:09 4986417                    /usr/lib/jvm/java-7-openjdk-amd64/jre/lib/amd64/libzip.so
7f71e306d000-7f71e3078000 r-xp 00000000 08:09 3813685                    /lib/x86_64-linux-gnu/libnss_files-2.19.so
7f71e3078000-7f71e3277000 ---p 0000b000 08:09 3813685                    /lib/x86_64-linux-gnu/libnss_files-2.19.so
7f71e3277000-7f71e3278000 r--p 0000a000 08:09 3813685                    /lib/x86_64-linux-gnu/libnss_files-2.19.so
7f71e3278000-7f71e3279000 rw-p 0000b000 08:09 3813685                    /lib/x86_64-linux-gnu/libnss_files-2.19.so
7f71e3279000-7f71e3284000 r-xp 00000000 08:09 3813706                    /lib/x86_64-linux-gnu/libnss_nis-2.19.so
7f71e3284000-7f71e3483000 ---p 0000b000 08:09 3813706                    /lib/x86_64-linux-gnu/libnss_nis-2.19.so
7f71e3483000-7f71e3484000 r--p 0000a000 08:09 3813706                    /lib/x86_64-linux-gnu/libnss_nis-2.19.so
7f71e3484000-7f71e3485000 rw-p 0000b000 08:09 3813706                    /lib/x86_64-linux-gnu/libnss_nis-2.19.so
7f71e3485000-7f71e349c000 r-xp 00000000 08:09 3813695                    /lib/x86_64-linux-gnu/libnsl-2.19.so
7f71e349c000-7f71e369b000 ---p 00017000 08:09 3813695                    /lib/x86_64-linux-gnu/libnsl-2.19.so
7f71e369b000-7f71e369c000 r--p 00016000 08:09 3813695                    /lib/x86_64-linux-gnu/libnsl-2.19.so
7f71e369c000-7f71e369d000 rw-p 00017000 08:09 3813695                    /lib/x86_64-linux-gnu/libnsl-2.19.so
7f71e369d000-7f71e369f000 rw-p 00000000 00:00 0 
7f71e369f000-7f71e36a8000 r-xp 00000000 08:09 3813694                    /lib/x86_64-linux-gnu/libnss_compat-2.19.so
7f71e36a8000-7f71e38a7000 ---p 00009000 08:09 3813694                    /lib/x86_64-linux-gnu/libnss_compat-2.19.so
7f71e38a7000-7f71e38a8000 r--p 00008000 08:09 3813694                    /lib/x86_64-linux-gnu/libnss_compat-2.19.so
7f71e38a8000-7f71e38a9000 rw-p 00009000 08:09 3813694                    /lib/x86_64-linux-gnu/libnss_compat-2.19.so
7f71e38a9000-7f71e38d4000 r-xp 00000000 08:09 4986451                    /usr/lib/jvm/java-7-openjdk-amd64/jre/lib/amd64/libjava.so
7f71e38d4000-7f71e3ad3000 ---p 0002b000 08:09 4986451                    /usr/lib/jvm/java-7-openjdk-amd64/jre/lib/amd64/libjava.so
7f71e3ad3000-7f71e3ad4000 r--p 0002a000 08:09 4986451                    /usr/lib/jvm/java-7-openjdk-amd64/jre/lib/amd64/libjava.so
7f71e3ad4000-7f71e3ad6000 rw-p 0002b000 08:09 4986451                    /usr/lib/jvm/java-7-openjdk-amd64/jre/lib/amd64/libjava.so
7f71e3ad6000-7f71e3ae6000 r-xp 00000000 08:09 4986433                    /usr/lib/jvm/java-7-openjdk-amd64/jre/lib/amd64/libverify.so
7f71e3ae6000-7f71e3ce5000 ---p 00010000 08:09 4986433                    /usr/lib/jvm/java-7-openjdk-amd64/jre/lib/amd64/libverify.so
7f71e3ce5000-7f71e3ce7000 r--p 0000f000 08:09 4986433                    /usr/lib/jvm/java-7-openjdk-amd64/jre/lib/amd64/libverify.so
7f71e3ce7000-7f71e3ce8000 rw-p 00011000 08:09 4986433                    /usr/lib/jvm/java-7-openjdk-amd64/jre/lib/amd64/libverify.so
7f71e3ce8000-7f71e3cef000 r-xp 00000000 08:09 3813703                    /lib/x86_64-linux-gnu/librt-2.19.so
7f71e3cef000-7f71e3eee000 ---p 00007000 08:09 3813703                    /lib/x86_64-linux-gnu/librt-2.19.so
7f71e3eee000-7f71e3eef000 r--p 00006000 08:09 3813703                    /lib/x86_64-linux-gnu/librt-2.19.so
7f71e3eef000-7f71e3ef0000 rw-p 00007000 08:09 3813703                    /lib/x86_64-linux-gnu/librt-2.19.so
7f71e3ef0000-7f71e3f06000 r-xp 00000000 08:09 3805094                    /lib/x86_64-linux-gnu/libgcc_s.so.1
7f71e3f06000-7f71e4105000 ---p 00016000 08:09 3805094                    /lib/x86_64-linux-gnu/libgcc_s.so.1
7f71e4105000-7f71e4106000 rw-p 00015000 08:09 3805094                    /lib/x86_64-linux-gnu/libgcc_s.so.1
7f71e4106000-7f71e420b000 r-xp 00000000 08:09 3805128                    /lib/x86_64-linux-gnu/libm-2.19.so
7f71e420b000-7f71e440a000 ---p 00105000 08:09 3805128                    /lib/x86_64-linux-gnu/libm-2.19.so
7f71e440a000-7f71e440b000 r--p 00104000 08:09 3805128                    /lib/x86_64-linux-gnu/libm-2.19.so
7f71e440b000-7f71e440c000 rw-p 00105000 08:09 3805128                    /lib/x86_64-linux-gnu/libm-2.19.so
7f71e440c000-7f71e44f2000 r-xp 00000000 08:09 4851001                    /usr/lib/x86_64-linux-gnu/libstdc++.so.6.0.19
7f71e44f2000-7f71e46f1000 ---p 000e6000 08:09 4851001                    /usr/lib/x86_64-linux-gnu/libstdc++.so.6.0.19
7f71e46f1000-7f71e46f9000 r--p 000e5000 08:09 4851001                    /usr/lib/x86_64-linux-gnu/libstdc++.so.6.0.19
7f71e46f9000-7f71e46fb000 rw-p 000ed000 08:09 4851001                    /usr/lib/x86_64-linux-gnu/libstdc++.so.6.0.19
7f71e46fb000-7f71e4710000 rw-p 00000000 00:00 0 
7f71e4710000-7f71e5229000 r-xp 00000000 08:09 4986421                    /usr/lib/jvm/java-7-openjdk-amd64/jre/lib/amd64/server/libjvm.so
7f71e5229000-7f71e5429000 ---p 00b19000 08:09 4986421                    /usr/lib/jvm/java-7-openjdk-amd64/jre/lib/amd64/server/libjvm.so
7f71e5429000-7f71e54c3000 r--p 00b19000 08:09 4986421                    /usr/lib/jvm/java-7-openjdk-amd64/jre/lib/amd64/server/libjvm.so
7f71e54c3000-7f71e54e6000 rw-p 00bb3000 08:09 4986421                    /usr/lib/jvm/java-7-openjdk-amd64/jre/lib/amd64/server/libjvm.so
7f71e54e6000-7f71e5514000 rw-p 00000000 00:00 0 
7f71e5514000-7f71e552c000 r-xp 00000000 08:09 3805280                    /lib/x86_64-linux-gnu/libz.so.1.2.8
7f71e552c000-7f71e572b000 ---p 00018000 08:09 3805280                    /lib/x86_64-linux-gnu/libz.so.1.2.8
7f71e572b000-7f71e572c000 r--p 00017000 08:09 3805280                    /lib/x86_64-linux-gnu/libz.so.1.2.8
7f71e572c000-7f71e572d000 rw-p 00018000 08:09 3805280                    /lib/x86_64-linux-gnu/libz.so.1.2.8
7f71e572d000-7f71e5746000 r-xp 00000000 08:09 3813701                    /lib/x86_64-linux-gnu/libpthread-2.19.so
7f71e5746000-7f71e5945000 ---p 00019000 08:09 3813701                    /lib/x86_64-linux-gnu/libpthread-2.19.so
7f71e5945000-7f71e5946000 r--p 00018000 08:09 3813701                    /lib/x86_64-linux-gnu/libpthread-2.19.so
7f71e5946000-7f71e5947000 rw-p 00019000 08:09 3813701                    /lib/x86_64-linux-gnu/libpthread-2.19.so
7f71e5947000-7f71e594b000 rw-p 00000000 00:00 0 
7f71e594b000-7f71e594e000 r-xp 00000000 08:09 3813689                    /lib/x86_64-linux-gnu/libdl-2.19.so
7f71e594e000-7f71e5b4d000 ---p 00003000 08:09 3813689                    /lib/x86_64-linux-gnu/libdl-2.19.so
7f71e5b4d000-7f71e5b4e000 r--p 00002000 08:09 3813689                    /lib/x86_64-linux-gnu/libdl-2.19.so
7f71e5b4e000-7f71e5b4f000 rw-p 00003000 08:09 3813689                    /lib/x86_64-linux-gnu/libdl-2.19.so
7f71e5b4f000-7f71e5d0a000 r-xp 00000000 08:09 3813700                    /lib/x86_64-linux-gnu/libc-2.19.so
7f71e5d0a000-7f71e5f09000 ---p 001bb000 08:09 3813700                    /lib/x86_64-linux-gnu/libc-2.19.so
7f71e5f09000-7f71e5f0d000 r--p 001ba000 08:09 3813700                    /lib/x86_64-linux-gnu/libc-2.19.so
7f71e5f0d000-7f71e5f0f000 rw-p 001be000 08:09 3813700                    /lib/x86_64-linux-gnu/libc-2.19.so
7f71e5f0f000-7f71e5f14000 rw-p 00000000 00:00 0 
7f71e5f14000-7f71e5f21000 r-xp 00000000 08:09 4986419                    /usr/lib/jvm/java-7-openjdk-amd64/jre/lib/amd64/jli/libjli.so
7f71e5f21000-7f71e6120000 ---p 0000d000 08:09 4986419                    /usr/lib/jvm/java-7-openjdk-amd64/jre/lib/amd64/jli/libjli.so
7f71e6120000-7f71e6121000 r--p 0000c000 08:09 4986419                    /usr/lib/jvm/java-7-openjdk-amd64/jre/lib/amd64/jli/libjli.so
7f71e6121000-7f71e6122000 rw-p 0000d000 08:09 4986419                    /usr/lib/jvm/java-7-openjdk-amd64/jre/lib/amd64/jli/libjli.so
7f71e6122000-7f71e6145000 r-xp 00000000 08:09 3813697                    /lib/x86_64-linux-gnu/ld-2.19.so
7f71e6155000-7f71e615f000 rw-p 00000000 00:00 0 
7f71e615f000-7f71e6215000 rw-p 00000000 00:00 0 
7f71e6215000-7f71e6218000 ---p 00000000 00:00 0 
7f71e6218000-7f71e631b000 rw-p 00000000 00:00 0                          [stack:10696]
7f71e6336000-7f71e6338000 rw-p 00000000 00:00 0 
7f71e6338000-7f71e6340000 rw-s 00000000 08:09 666904                     /tmp/hsperfdata_leo/10694
7f71e6340000-7f71e6341000 rw-p 00000000 00:00 0 
7f71e6341000-7f71e6342000 r--p 00000000 00:00 0 
7f71e6342000-7f71e6344000 rw-p 00000000 00:00 0 
7f71e6344000-7f71e6345000 r--p 00022000 08:09 3813697                    /lib/x86_64-linux-gnu/ld-2.19.so
7f71e6345000-7f71e6346000 rw-p 00023000 08:09 3813697                    /lib/x86_64-linux-gnu/ld-2.19.so
7f71e6346000-7f71e6347000 rw-p 00000000 00:00 0 
7ffe70f49000-7ffe70f6b000 rw-p 00000000 00:00 0                          [stack]
7ffe70fb3000-7ffe70fb5000 r-xp 00000000 00:00 0                          [vdso]
ffffffffff600000-ffffffffff601000 r-xp 00000000 00:00 0                  [vsyscall]

VM Arguments:
jvm_args: -Dfile.encoding=UTF-8 -Xbootclasspath:/usr/local/leo-dati/IDE/android-studio/sdk/platforms/android-17/android.jar 
java_command: it.test.serviceschedule.ServerLeo
Launcher Type: SUN_STANDARD

Environment Variables:
PATH=/usr/local/sbin:/usr/local/bin:/usr/sbin:/usr/bin:/sbin:/bin:/usr/games:/usr/local/games
SHELL=/bin/bash
DISPLAY=:1

Signal Handlers:
SIGSEGV: [libjvm.so+0x94bab0], sa_mask[0]=0x7ffbfeff, sa_flags=0x10000004
SIGBUS: [libjvm.so+0x94bab0], sa_mask[0]=0x7ffbfeff, sa_flags=0x10000004
SIGFPE: [libjvm.so+0x7c38b0], sa_mask[0]=0x7ffbfeff, sa_flags=0x10000004
SIGPIPE: [libjvm.so+0x7c38b0], sa_mask[0]=0x7ffbfeff, sa_flags=0x10000004
SIGXFSZ: [libjvm.so+0x7c38b0], sa_mask[0]=0x7ffbfeff, sa_flags=0x10000004
SIGILL: [libjvm.so+0x7c38b0], sa_mask[0]=0x7ffbfeff, sa_flags=0x10000004
SIGUSR1: SIG_DFL, sa_mask[0]=0x00000000, sa_flags=0x00000000
SIGUSR2: [libjvm.so+0x7c3750], sa_mask[0]=0x00000004, sa_flags=0x10000004
SIGHUP: SIG_DFL, sa_mask[0]=0x00000000, sa_flags=0x00000000
SIGINT: SIG_DFL, sa_mask[0]=0x00000000, sa_flags=0x00000000
SIGTERM: SIG_DFL, sa_mask[0]=0x00000000, sa_flags=0x00000000
SIGQUIT: SIG_DFL, sa_mask[0]=0x00000000, sa_flags=0x00000000
SIGTRAP: SIG_DFL, sa_mask[0]=0x00000000, sa_flags=0x00000000


---------------  S Y S T E M  ---------------

OS:Ubuntu 14.04 (trusty)
uname:Linux 3.13.0-65-generic #106-Ubuntu SMP Fri Oct 2 22:08:27 UTC 2015 x86_64
libc:glibc 2.19 NPTL 2.19 
rlimit: STACK 8192k, CORE 0k, NPROC 63005, NOFILE 4096, AS infinity
load average:0.62 0.76 0.74

/proc/meminfo:
MemTotal:        8086360 kB
MemFree:         1748444 kB
Buffers:          116364 kB
Cached:          3293592 kB
SwapCached:            0 kB
Active:          4004416 kB
Inactive:        2006632 kB
Active(anon):    2602616 kB
Inactive(anon):   974152 kB
Active(file):    1401800 kB
Inactive(file):  1032480 kB
Unevictable:         180 kB
Mlocked:             180 kB
SwapTotal:      24630268 kB
SwapFree:       24630268 kB
Dirty:                72 kB
Writeback:             0 kB
AnonPages:       2601152 kB
Mapped:           514012 kB
Shmem:            975676 kB
Slab:             164576 kB
SReclaimable:     116868 kB
SUnreclaim:        47708 kB
KernelStack:        7256 kB
PageTables:        60260 kB
NFS_Unstable:          0 kB
Bounce:                0 kB
WritebackTmp:          0 kB
CommitLimit:    28673448 kB
Committed_AS:    9684400 kB
VmallocTotal:   34359738367 kB
VmallocUsed:      560208 kB
VmallocChunk:   34359170436 kB
HardwareCorrupted:     0 kB
AnonHugePages:   1718272 kB
HugePages_Total:       0
HugePages_Free:        0
HugePages_Rsvd:        0
HugePages_Surp:        0
Hugepagesize:       2048 kB
DirectMap4k:       66188 kB
DirectMap2M:     8232960 kB


CPU:total 4 (2 cores per cpu, 2 threads per core) family 6 model 42 stepping 7, cmov, cx8, fxsr, mmx, sse, sse2, sse3, ssse3, sse4.1, sse4.2, popcnt, avx, aes, ht, tsc, tscinvbit

/proc/cpuinfo:
processor	: 0
vendor_id	: GenuineIntel
cpu family	: 6
model		: 42
model name	: Intel(R) Core(TM) i5-2450M CPU @ 2.50GHz
stepping	: 7
microcode	: 0x1a
cpu MHz		: 2501.000
cache size	: 3072 KB
physical id	: 0
siblings	: 4
core id		: 0
cpu cores	: 2
apicid		: 0
initial apicid	: 0
fpu		: yes
fpu_exception	: yes
cpuid level	: 13
wp		: yes
flags		: fpu vme de pse tsc msr pae mce cx8 apic sep mtrr pge mca cmov pat pse36 clflush dts acpi mmx fxsr sse sse2 ss ht tm pbe syscall nx rdtscp lm constant_tsc arch_perfmon pebs bts rep_good nopl xtopology nonstop_tsc aperfmperf eagerfpu pni pclmulqdq dtes64 monitor ds_cpl vmx est tm2 ssse3 cx16 xtpr pdcm pcid sse4_1 sse4_2 x2apic popcnt tsc_deadline_timer aes xsave avx lahf_lm ida arat epb xsaveopt pln pts dtherm tpr_shadow vnmi flexpriority ept vpid
bogomips	: 4988.23
clflush size	: 64
cache_alignment	: 64
address sizes	: 36 bits physical, 48 bits virtual
power management:

processor	: 1
vendor_id	: GenuineIntel
cpu family	: 6
model		: 42
model name	: Intel(R) Core(TM) i5-2450M CPU @ 2.50GHz
stepping	: 7
microcode	: 0x1a
cpu MHz		: 2200.000
cache size	: 3072 KB
physical id	: 0
siblings	: 4
core id		: 0
cpu cores	: 2
apicid		: 1
initial apicid	: 1
fpu		: yes
fpu_exception	: yes
cpuid level	: 13
wp		: yes
flags		: fpu vme de pse tsc msr pae mce cx8 apic sep mtrr pge mca cmov pat pse36 clflush dts acpi mmx fxsr sse sse2 ss ht tm pbe syscall nx rdtscp lm constant_tsc arch_perfmon pebs bts rep_good nopl xtopology nonstop_tsc aperfmperf eagerfpu pni pclmulqdq dtes64 monitor ds_cpl vmx est tm2 ssse3 cx16 xtpr pdcm pcid sse4_1 sse4_2 x2apic popcnt tsc_deadline_timer aes xsave avx lahf_lm ida arat epb xsaveopt pln pts dtherm tpr_shadow vnmi flexpriority ept vpid
bogomips	: 4988.23
clflush size	: 64
cache_alignment	: 64
address sizes	: 36 bits physical, 48 bits virtual
power management:

processor	: 2
vendor_id	: GenuineIntel
cpu family	: 6
model		: 42
model name	: Intel(R) Core(TM) i5-2450M CPU @ 2.50GHz
stepping	: 7
microcode	: 0x1a
cpu MHz		: 1800.000
cache size	: 3072 KB
physical id	: 0
siblings	: 4
core id		: 1
cpu cores	: 2
apicid		: 2
initial apicid	: 2
fpu		: yes
fpu_exception	: yes
cpuid level	: 13
wp		: yes
flags		: fpu vme de pse tsc msr pae mce cx8 apic sep mtrr pge mca cmov pat pse36 clflush dts acpi mmx fxsr sse sse2 ss ht tm pbe syscall nx rdtscp lm constant_tsc arch_perfmon pebs bts rep_good nopl xtopology nonstop_tsc aperfmperf eagerfpu pni pclmulqdq dtes64 monitor ds_cpl vmx est tm2 ssse3 cx16 xtpr pdcm pcid sse4_1 sse4_2 x2apic popcnt tsc_deadline_timer aes xsave avx lahf_lm ida arat epb xsaveopt pln pts dtherm tpr_shadow vnmi flexpriority ept vpid
bogomips	: 4988.23
clflush size	: 64
cache_alignment	: 64
address sizes	: 36 bits physical, 48 bits virtual
power management:

processor	: 3
vendor_id	: GenuineIntel
cpu family	: 6
model		: 42
model name	: Intel(R) Core(TM) i5-2450M CPU @ 2.50GHz
stepping	: 7
microcode	: 0x1a
cpu MHz		: 2501.000
cache size	: 3072 KB
physical id	: 0
siblings	: 4
core id		: 1
cpu cores	: 2
apicid		: 3
initial apicid	: 3
fpu		: yes
fpu_exception	: yes
cpuid level	: 13
wp		: yes
flags		: fpu vme de pse tsc msr pae mce cx8 apic sep mtrr pge mca cmov pat pse36 clflush dts acpi mmx fxsr sse sse2 ss ht tm pbe syscall nx rdtscp lm constant_tsc arch_perfmon pebs bts rep_good nopl xtopology nonstop_tsc aperfmperf eagerfpu pni pclmulqdq dtes64 monitor ds_cpl vmx est tm2 ssse3 cx16 xtpr pdcm pcid sse4_1 sse4_2 x2apic popcnt tsc_deadline_timer aes xsave avx lahf_lm ida arat epb xsaveopt pln pts dtherm tpr_shadow vnmi flexpriority ept vpid
bogomips	: 4988.23
clflush size	: 64
cache_alignment	: 64
address sizes	: 36 bits physical, 48 bits virtual
power management:



Memory: 4k page, physical 8086360k(1748444k free), swap 24630268k(24630268k free)

vm_info: OpenJDK 64-Bit Server VM (24.79-b02) for linux-amd64 JRE (1.7.0_79-b14), built on Jul 24 2015 08:15:54 by "buildd" with gcc 4.8.2

time: Sun Oct 18 23:08:29 2015
elapsed time: 0 seconds

