#
# A fatal error has been detected by the Java Runtime Environment:
#
#  Internal Error (javaClasses.cpp:139), pid=11817, tid=140122377619200
#  fatal error: Invalid layout of preloaded class
#
# JRE version:  (7.0_79-b14) (build )
# Java VM: OpenJDK 64-Bit Server VM (24.79-b02 mixed mode linux-amd64 compressed oops)
# Derivative: IcedTea 2.5.6
# Distribution: Ubuntu 14.04 LTS, package 7u79-2.5.6-0ubuntu1.14.04.1
# Failed to write core dump. Core dumps have been disabled. To enable core dumping, try "ulimit -c unlimited" before starting Java again
#
# If you would like to submit a bug report, please include
# instructions on how to reproduce the bug and visit:
#   http://icedtea.classpath.org/bugzilla
#

---------------  T H R E A D  ---------------

Current thread (0x00007f70c000a000):  JavaThread "Unknown thread" [_thread_in_vm, id=11819, stack(0x00007f70c87b0000,0x00007f70c88b1000)]

Stack: [0x00007f70c87b0000,0x00007f70c88b1000],  sp=0x00007f70c88af900,  free space=1022k
Native frames: (J=compiled Java code, j=interpreted, Vv=VM code, C=native code)
V  [libjvm.so+0x94afd5]  VMError::report_and_die()+0x175
V  [libjvm.so+0x48b964]  report_fatal(char const*, int, char const*)+0x54
V  [libjvm.so+0x5e8d60]  compute_offset(int&, klassOopDesc*, Symbol*, Symbol*, bool) [clone .constprop.120]+0xc0
V  [libjvm.so+0x5e8e36]  java_lang_String::compute_offsets()+0x36
V  [libjvm.so+0x8cfa7c]  SystemDictionary::initialize_preloaded_classes(Thread*)+0xcc
V  [libjvm.so+0x91b328]  Universe::genesis(Thread*)+0x468
V  [libjvm.so+0x91b934]  universe2_init()+0x24
V  [libjvm.so+0x59d31a]  init_globals()+0x9a
V  [libjvm.so+0x8fe75f]  Threads::create_vm(JavaVMInitArgs*, bool*)+0x35f
V  [libjvm.so+0x608654]  JNI_CreateJavaVM+0x54
C  [libjli.so+0x2b48]


---------------  P R O C E S S  ---------------

Java Threads: ( => current thread )

Other Threads:

=>0x00007f70c000a000 (exited) JavaThread "Unknown thread" [_thread_in_vm, id=11819, stack(0x00007f70c87b0000,0x00007f70c88b1000)]

VM state:not at safepoint (not fully initialized)

VM Mutex/Monitor currently owned by a thread: None

GC Heap History (0 events):
No events

Deoptimization events (0 events):
No events

Internal exceptions (0 events):
No events

Events (10 events):
Event: 0.011 loading class 0x00007f70c4409710 done
Event: 0.011 loading class 0x00007f70c4409110 done
Event: 0.011 loading class 0x00007f70c44090f0
Event: 0.011 loading class 0x00007f70c44111a0
Event: 0.011 loading class 0x00007f70c44111a0 done
Event: 0.011 loading class 0x00007f70c44111d0
Event: 0.011 loading class 0x00007f70c44111d0 done
Event: 0.011 loading class 0x00007f70c4411200
Event: 0.011 loading class 0x00007f70c4411200 done
Event: 0.012 loading class 0x00007f70c44090f0 done


Dynamic libraries:
00400000-00401000 r-xp 00000000 08:09 4986486                            /usr/lib/jvm/java-7-openjdk-amd64/jre/bin/java
00600000-00601000 r--p 00000000 08:09 4986486                            /usr/lib/jvm/java-7-openjdk-amd64/jre/bin/java
00601000-00602000 rw-p 00001000 08:09 4986486                            /usr/lib/jvm/java-7-openjdk-amd64/jre/bin/java
023bd000-023de000 rw-p 00000000 00:00 0                                  [heap]
77a200000-77b700000 rw-p 00000000 00:00 0 
77b700000-784800000 rw-p 00000000 00:00 0 
784800000-789a00000 rw-p 00000000 00:00 0 
789a00000-7d6d00000 rw-p 00000000 00:00 0 
7d6d00000-7d9680000 rw-p 00000000 00:00 0 
7d9680000-800000000 rw-p 00000000 00:00 0 
7f70a4000000-7f70a4021000 rw-p 00000000 00:00 0 
7f70a4021000-7f70a8000000 ---p 00000000 00:00 0 
7f70ac000000-7f70ac021000 rw-p 00000000 00:00 0 
7f70ac021000-7f70b0000000 ---p 00000000 00:00 0 
7f70b0000000-7f70b0021000 rw-p 00000000 00:00 0 
7f70b0021000-7f70b4000000 ---p 00000000 00:00 0 
7f70b4000000-7f70b4021000 rw-p 00000000 00:00 0 
7f70b4021000-7f70b8000000 ---p 00000000 00:00 0 
7f70b8d10000-7f70bd000000 rw-p 00000000 00:00 0 
7f70bd000000-7f70bd270000 rwxp 00000000 00:00 0 
7f70bd270000-7f70c0056000 rw-p 00000000 00:00 0 
7f70c0056000-7f70c4000000 ---p 00000000 00:00 0 
7f70c406f000-7f70c42cd000 rw-p 00000000 00:00 0 
7f70c42cd000-7f70c4393000 r--s 0116f000 08:06 10885195                   /usr/local/leo-dati/IDE/android-studio/sdk/platforms/android-17/android.jar
7f70c4393000-7f70c48e5000 rw-p 00000000 00:00 0 
7f70c48e5000-7f70c48e6000 ---p 00000000 00:00 0 
7f70c48e6000-7f70c49e6000 rw-p 00000000 00:00 0                          [stack:11827]
7f70c49e6000-7f70c49e7000 ---p 00000000 00:00 0 
7f70c49e7000-7f70c4ae7000 rw-p 00000000 00:00 0                          [stack:11826]
7f70c4ae7000-7f70c4ae8000 ---p 00000000 00:00 0 
7f70c4ae8000-7f70c4be8000 rw-p 00000000 00:00 0                          [stack:11825]
7f70c4be8000-7f70c4be9000 ---p 00000000 00:00 0 
7f70c4be9000-7f70c4cf4000 rw-p 00000000 00:00 0                          [stack:11824]
7f70c4cf4000-7f70c4d3c000 rw-p 00000000 00:00 0 
7f70c4d3c000-7f70c4d65000 rw-p 00000000 00:00 0 
7f70c4d65000-7f70c4fcf000 rw-p 00000000 00:00 0 
7f70c4fcf000-7f70c4fda000 rw-p 00000000 00:00 0 
7f70c4fda000-7f70c5022000 rw-p 00000000 00:00 0 
7f70c5022000-7f70c504b000 rw-p 00000000 00:00 0 
7f70c504b000-7f70c52b4000 rw-p 00000000 00:00 0 
7f70c52b4000-7f70c52ca000 rw-p 00000000 00:00 0 
7f70c52ca000-7f70c53fe000 rw-p 00000000 00:00 0 
7f70c53fe000-7f70c53ff000 rw-p 00000000 00:00 0 
7f70c53ff000-7f70c5407000 r-xp 00000000 08:09 4986417                    /usr/lib/jvm/java-7-openjdk-amd64/jre/lib/amd64/libzip.so
7f70c5407000-7f70c5606000 ---p 00008000 08:09 4986417                    /usr/lib/jvm/java-7-openjdk-amd64/jre/lib/amd64/libzip.so
7f70c5606000-7f70c5607000 r--p 00007000 08:09 4986417                    /usr/lib/jvm/java-7-openjdk-amd64/jre/lib/amd64/libzip.so
7f70c5607000-7f70c5608000 rw-p 00008000 08:09 4986417                    /usr/lib/jvm/java-7-openjdk-amd64/jre/lib/amd64/libzip.so
7f70c5608000-7f70c5613000 r-xp 00000000 08:09 3813685                    /lib/x86_64-linux-gnu/libnss_files-2.19.so
7f70c5613000-7f70c5812000 ---p 0000b000 08:09 3813685                    /lib/x86_64-linux-gnu/libnss_files-2.19.so
7f70c5812000-7f70c5813000 r--p 0000a000 08:09 3813685                    /lib/x86_64-linux-gnu/libnss_files-2.19.so
7f70c5813000-7f70c5814000 rw-p 0000b000 08:09 3813685                    /lib/x86_64-linux-gnu/libnss_files-2.19.so
7f70c5814000-7f70c581f000 r-xp 00000000 08:09 3813706                    /lib/x86_64-linux-gnu/libnss_nis-2.19.so
7f70c581f000-7f70c5a1e000 ---p 0000b000 08:09 3813706                    /lib/x86_64-linux-gnu/libnss_nis-2.19.so
7f70c5a1e000-7f70c5a1f000 r--p 0000a000 08:09 3813706                    /lib/x86_64-linux-gnu/libnss_nis-2.19.so
7f70c5a1f000-7f70c5a20000 rw-p 0000b000 08:09 3813706                    /lib/x86_64-linux-gnu/libnss_nis-2.19.so
7f70c5a20000-7f70c5a37000 r-xp 00000000 08:09 3813695                    /lib/x86_64-linux-gnu/libnsl-2.19.so
7f70c5a37000-7f70c5c36000 ---p 00017000 08:09 3813695                    /lib/x86_64-linux-gnu/libnsl-2.19.so
7f70c5c36000-7f70c5c37000 r--p 00016000 08:09 3813695                    /lib/x86_64-linux-gnu/libnsl-2.19.so
7f70c5c37000-7f70c5c38000 rw-p 00017000 08:09 3813695                    /lib/x86_64-linux-gnu/libnsl-2.19.so
7f70c5c38000-7f70c5c3a000 rw-p 00000000 00:00 0 
7f70c5c3a000-7f70c5c43000 r-xp 00000000 08:09 3813694                    /lib/x86_64-linux-gnu/libnss_compat-2.19.so
7f70c5c43000-7f70c5e42000 ---p 00009000 08:09 3813694                    /lib/x86_64-linux-gnu/libnss_compat-2.19.so
7f70c5e42000-7f70c5e43000 r--p 00008000 08:09 3813694                    /lib/x86_64-linux-gnu/libnss_compat-2.19.so
7f70c5e43000-7f70c5e44000 rw-p 00009000 08:09 3813694                    /lib/x86_64-linux-gnu/libnss_compat-2.19.so
7f70c5e44000-7f70c5e6f000 r-xp 00000000 08:09 4986451                    /usr/lib/jvm/java-7-openjdk-amd64/jre/lib/amd64/libjava.so
7f70c5e6f000-7f70c606e000 ---p 0002b000 08:09 4986451                    /usr/lib/jvm/java-7-openjdk-amd64/jre/lib/amd64/libjava.so
7f70c606e000-7f70c606f000 r--p 0002a000 08:09 4986451                    /usr/lib/jvm/java-7-openjdk-amd64/jre/lib/amd64/libjava.so
7f70c606f000-7f70c6071000 rw-p 0002b000 08:09 4986451                    /usr/lib/jvm/java-7-openjdk-amd64/jre/lib/amd64/libjava.so
7f70c6071000-7f70c6081000 r-xp 00000000 08:09 4986433                    /usr/lib/jvm/java-7-openjdk-amd64/jre/lib/amd64/libverify.so
7f70c6081000-7f70c6280000 ---p 00010000 08:09 4986433                    /usr/lib/jvm/java-7-openjdk-amd64/jre/lib/amd64/libverify.so
7f70c6280000-7f70c6282000 r--p 0000f000 08:09 4986433                    /usr/lib/jvm/java-7-openjdk-amd64/jre/lib/amd64/libverify.so
7f70c6282000-7f70c6283000 rw-p 00011000 08:09 4986433                    /usr/lib/jvm/java-7-openjdk-amd64/jre/lib/amd64/libverify.so
7f70c6283000-7f70c628a000 r-xp 00000000 08:09 3813703                    /lib/x86_64-linux-gnu/librt-2.19.so
7f70c628a000-7f70c6489000 ---p 00007000 08:09 3813703                    /lib/x86_64-linux-gnu/librt-2.19.so
7f70c6489000-7f70c648a000 r--p 00006000 08:09 3813703                    /lib/x86_64-linux-gnu/librt-2.19.so
7f70c648a000-7f70c648b000 rw-p 00007000 08:09 3813703                    /lib/x86_64-linux-gnu/librt-2.19.so
7f70c648b000-7f70c64a1000 r-xp 00000000 08:09 3805094                    /lib/x86_64-linux-gnu/libgcc_s.so.1
7f70c64a1000-7f70c66a0000 ---p 00016000 08:09 3805094                    /lib/x86_64-linux-gnu/libgcc_s.so.1
7f70c66a0000-7f70c66a1000 rw-p 00015000 08:09 3805094                    /lib/x86_64-linux-gnu/libgcc_s.so.1
7f70c66a1000-7f70c67a6000 r-xp 00000000 08:09 3805128                    /lib/x86_64-linux-gnu/libm-2.19.so
7f70c67a6000-7f70c69a5000 ---p 00105000 08:09 3805128                    /lib/x86_64-linux-gnu/libm-2.19.so
7f70c69a5000-7f70c69a6000 r--p 00104000 08:09 3805128                    /lib/x86_64-linux-gnu/libm-2.19.so
7f70c69a6000-7f70c69a7000 rw-p 00105000 08:09 3805128                    /lib/x86_64-linux-gnu/libm-2.19.so
7f70c69a7000-7f70c6a8d000 r-xp 00000000 08:09 4851001                    /usr/lib/x86_64-linux-gnu/libstdc++.so.6.0.19
7f70c6a8d000-7f70c6c8c000 ---p 000e6000 08:09 4851001                    /usr/lib/x86_64-linux-gnu/libstdc++.so.6.0.19
7f70c6c8c000-7f70c6c94000 r--p 000e5000 08:09 4851001                    /usr/lib/x86_64-linux-gnu/libstdc++.so.6.0.19
7f70c6c94000-7f70c6c96000 rw-p 000ed000 08:09 4851001                    /usr/lib/x86_64-linux-gnu/libstdc++.so.6.0.19
7f70c6c96000-7f70c6cab000 rw-p 00000000 00:00 0 
7f70c6cab000-7f70c77c4000 r-xp 00000000 08:09 4986421                    /usr/lib/jvm/java-7-openjdk-amd64/jre/lib/amd64/server/libjvm.so
7f70c77c4000-7f70c79c4000 ---p 00b19000 08:09 4986421                    /usr/lib/jvm/java-7-openjdk-amd64/jre/lib/amd64/server/libjvm.so
7f70c79c4000-7f70c7a5e000 r--p 00b19000 08:09 4986421                    /usr/lib/jvm/java-7-openjdk-amd64/jre/lib/amd64/server/libjvm.so
7f70c7a5e000-7f70c7a81000 rw-p 00bb3000 08:09 4986421                    /usr/lib/jvm/java-7-openjdk-amd64/jre/lib/amd64/server/libjvm.so
7f70c7a81000-7f70c7aaf000 rw-p 00000000 00:00 0 
7f70c7aaf000-7f70c7ac7000 r-xp 00000000 08:09 3805280                    /lib/x86_64-linux-gnu/libz.so.1.2.8
7f70c7ac7000-7f70c7cc6000 ---p 00018000 08:09 3805280                    /lib/x86_64-linux-gnu/libz.so.1.2.8
7f70c7cc6000-7f70c7cc7000 r--p 00017000 08:09 3805280                    /lib/x86_64-linux-gnu/libz.so.1.2.8
7f70c7cc7000-7f70c7cc8000 rw-p 00018000 08:09 3805280                    /lib/x86_64-linux-gnu/libz.so.1.2.8
7f70c7cc8000-7f70c7ce1000 r-xp 00000000 08:09 3813701                    /lib/x86_64-linux-gnu/libpthread-2.19.so
7f70c7ce1000-7f70c7ee0000 ---p 00019000 08:09 3813701                    /lib/x86_64-linux-gnu/libpthread-2.19.so
7f70c7ee0000-7f70c7ee1000 r--p 00018000 08:09 3813701                    /lib/x86_64-linux-gnu/libpthread-2.19.so
7f70c7ee1000-7f70c7ee2000 rw-p 00019000 08:09 3813701                    /lib/x86_64-linux-gnu/libpthread-2.19.so
7f70c7ee2000-7f70c7ee6000 rw-p 00000000 00:00 0 
7f70c7ee6000-7f70c7ee9000 r-xp 00000000 08:09 3813689                    /lib/x86_64-linux-gnu/libdl-2.19.so
7f70c7ee9000-7f70c80e8000 ---p 00003000 08:09 3813689                    /lib/x86_64-linux-gnu/libdl-2.19.so
7f70c80e8000-7f70c80e9000 r--p 00002000 08:09 3813689                    /lib/x86_64-linux-gnu/libdl-2.19.so
7f70c80e9000-7f70c80ea000 rw-p 00003000 08:09 3813689                    /lib/x86_64-linux-gnu/libdl-2.19.so
7f70c80ea000-7f70c82a5000 r-xp 00000000 08:09 3813700                    /lib/x86_64-linux-gnu/libc-2.19.so
7f70c82a5000-7f70c84a4000 ---p 001bb000 08:09 3813700                    /lib/x86_64-linux-gnu/libc-2.19.so
7f70c84a4000-7f70c84a8000 r--p 001ba000 08:09 3813700                    /lib/x86_64-linux-gnu/libc-2.19.so
7f70c84a8000-7f70c84aa000 rw-p 001be000 08:09 3813700                    /lib/x86_64-linux-gnu/libc-2.19.so
7f70c84aa000-7f70c84af000 rw-p 00000000 00:00 0 
7f70c84af000-7f70c84bc000 r-xp 00000000 08:09 4986419                    /usr/lib/jvm/java-7-openjdk-amd64/jre/lib/amd64/jli/libjli.so
7f70c84bc000-7f70c86bb000 ---p 0000d000 08:09 4986419                    /usr/lib/jvm/java-7-openjdk-amd64/jre/lib/amd64/jli/libjli.so
7f70c86bb000-7f70c86bc000 r--p 0000c000 08:09 4986419                    /usr/lib/jvm/java-7-openjdk-amd64/jre/lib/amd64/jli/libjli.so
7f70c86bc000-7f70c86bd000 rw-p 0000d000 08:09 4986419                    /usr/lib/jvm/java-7-openjdk-amd64/jre/lib/amd64/jli/libjli.so
7f70c86bd000-7f70c86e0000 r-xp 00000000 08:09 3813697                    /lib/x86_64-linux-gnu/ld-2.19.so
7f70c86f0000-7f70c86fa000 rw-p 00000000 00:00 0 
7f70c86fa000-7f70c87b0000 rw-p 00000000 00:00 0 
7f70c87b0000-7f70c87b3000 ---p 00000000 00:00 0 
7f70c87b3000-7f70c88b6000 rw-p 00000000 00:00 0                          [stack:11819]
7f70c88d1000-7f70c88d3000 rw-p 00000000 00:00 0 
7f70c88d3000-7f70c88db000 rw-s 00000000 08:09 666906                     /tmp/hsperfdata_leo/11817
7f70c88db000-7f70c88dc000 rw-p 00000000 00:00 0 
7f70c88dc000-7f70c88dd000 r--p 00000000 00:00 0 
7f70c88dd000-7f70c88df000 rw-p 00000000 00:00 0 
7f70c88df000-7f70c88e0000 r--p 00022000 08:09 3813697                    /lib/x86_64-linux-gnu/ld-2.19.so
7f70c88e0000-7f70c88e1000 rw-p 00023000 08:09 3813697                    /lib/x86_64-linux-gnu/ld-2.19.so
7f70c88e1000-7f70c88e2000 rw-p 00000000 00:00 0 
7fff3170d000-7fff3172f000 rw-p 00000000 00:00 0                          [stack]
7fff317b0000-7fff317b2000 r-xp 00000000 00:00 0                          [vdso]
ffffffffff600000-ffffffffff601000 r-xp 00000000 00:00 0                  [vsyscall]

VM Arguments:
jvm_args: -Dfile.encoding=UTF-8 -Xbootclasspath:/usr/local/leo-dati/IDE/android-studio/sdk/platforms/android-17/android.jar 
java_command: it.test.serviceschedule.ServerLeo
Launcher Type: SUN_STANDARD

Environment Variables:
PATH=/usr/local/sbin:/usr/local/bin:/usr/sbin:/usr/bin:/sbin:/bin:/usr/games:/usr/local/games
SHELL=/bin/bash
DISPLAY=:1

Signal Handlers:
SIGSEGV: [libjvm.so+0x94bab0], sa_mask[0]=0x7ffbfeff, sa_flags=0x10000004
SIGBUS: [libjvm.so+0x94bab0], sa_mask[0]=0x7ffbfeff, sa_flags=0x10000004
SIGFPE: [libjvm.so+0x7c38b0], sa_mask[0]=0x7ffbfeff, sa_flags=0x10000004
SIGPIPE: [libjvm.so+0x7c38b0], sa_mask[0]=0x7ffbfeff, sa_flags=0x10000004
SIGXFSZ: [libjvm.so+0x7c38b0], sa_mask[0]=0x7ffbfeff, sa_flags=0x10000004
SIGILL: [libjvm.so+0x7c38b0], sa_mask[0]=0x7ffbfeff, sa_flags=0x10000004
SIGUSR1: SIG_DFL, sa_mask[0]=0x00000000, sa_flags=0x00000000
SIGUSR2: [libjvm.so+0x7c3750], sa_mask[0]=0x00000004, sa_flags=0x10000004
SIGHUP: SIG_DFL, sa_mask[0]=0x00000000, sa_flags=0x00000000
SIGINT: SIG_DFL, sa_mask[0]=0x00000000, sa_flags=0x00000000
SIGTERM: SIG_DFL, sa_mask[0]=0x00000000, sa_flags=0x00000000
SIGQUIT: SIG_DFL, sa_mask[0]=0x00000000, sa_flags=0x00000000
SIGTRAP: SIG_DFL, sa_mask[0]=0x00000000, sa_flags=0x00000000


---------------  S Y S T E M  ---------------

OS:Ubuntu 14.04 (trusty)
uname:Linux 3.13.0-65-generic #106-Ubuntu SMP Fri Oct 2 22:08:27 UTC 2015 x86_64
libc:glibc 2.19 NPTL 2.19 
rlimit: STACK 8192k, CORE 0k, NPROC 63005, NOFILE 4096, AS infinity
load average:0.29 0.40 0.60

/proc/meminfo:
MemTotal:        8086360 kB
MemFree:         1569284 kB
Buffers:          139396 kB
Cached:          3352172 kB
SwapCached:            0 kB
Active:          4118944 kB
Inactive:        2060592 kB
Active(anon):    2689544 kB
Inactive(anon):   952740 kB
Active(file):    1429400 kB
Inactive(file):  1107852 kB
Unevictable:         180 kB
Mlocked:             180 kB
SwapTotal:      24630268 kB
SwapFree:       24630268 kB
Dirty:               324 kB
Writeback:             0 kB
AnonPages:       2688092 kB
Mapped:           491624 kB
Shmem:            954316 kB
Slab:             175040 kB
SReclaimable:     126884 kB
SUnreclaim:        48156 kB
KernelStack:        7256 kB
PageTables:        60724 kB
NFS_Unstable:          0 kB
Bounce:                0 kB
WritebackTmp:          0 kB
CommitLimit:    28673448 kB
Committed_AS:    9780504 kB
VmallocTotal:   34359738367 kB
VmallocUsed:      560240 kB
VmallocChunk:   34359170180 kB
HardwareCorrupted:     0 kB
AnonHugePages:   1748992 kB
HugePages_Total:       0
HugePages_Free:        0
HugePages_Rsvd:        0
HugePages_Surp:        0
Hugepagesize:       2048 kB
DirectMap4k:       66188 kB
DirectMap2M:     8232960 kB


CPU:total 4 (2 cores per cpu, 2 threads per core) family 6 model 42 stepping 7, cmov, cx8, fxsr, mmx, sse, sse2, sse3, ssse3, sse4.1, sse4.2, popcnt, avx, aes, ht, tsc, tscinvbit

/proc/cpuinfo:
processor	: 0
vendor_id	: GenuineIntel
cpu family	: 6
model		: 42
model name	: Intel(R) Core(TM) i5-2450M CPU @ 2.50GHz
stepping	: 7
microcode	: 0x1a
cpu MHz		: 1600.000
cache size	: 3072 KB
physical id	: 0
siblings	: 4
core id		: 0
cpu cores	: 2
apicid		: 0
initial apicid	: 0
fpu		: yes
fpu_exception	: yes
cpuid level	: 13
wp		: yes
flags		: fpu vme de pse tsc msr pae mce cx8 apic sep mtrr pge mca cmov pat pse36 clflush dts acpi mmx fxsr sse sse2 ss ht tm pbe syscall nx rdtscp lm constant_tsc arch_perfmon pebs bts rep_good nopl xtopology nonstop_tsc aperfmperf eagerfpu pni pclmulqdq dtes64 monitor ds_cpl vmx est tm2 ssse3 cx16 xtpr pdcm pcid sse4_1 sse4_2 x2apic popcnt tsc_deadline_timer aes xsave avx lahf_lm ida arat epb xsaveopt pln pts dtherm tpr_shadow vnmi flexpriority ept vpid
bogomips	: 4988.23
clflush size	: 64
cache_alignment	: 64
address sizes	: 36 bits physical, 48 bits virtual
power management:

processor	: 1
vendor_id	: GenuineIntel
cpu family	: 6
model		: 42
model name	: Intel(R) Core(TM) i5-2450M CPU @ 2.50GHz
stepping	: 7
microcode	: 0x1a
cpu MHz		: 2501.000
cache size	: 3072 KB
physical id	: 0
siblings	: 4
core id		: 0
cpu cores	: 2
apicid		: 1
initial apicid	: 1
fpu		: yes
fpu_exception	: yes
cpuid level	: 13
wp		: yes
flags		: fpu vme de pse tsc msr pae mce cx8 apic sep mtrr pge mca cmov pat pse36 clflush dts acpi mmx fxsr sse sse2 ss ht tm pbe syscall nx rdtscp lm constant_tsc arch_perfmon pebs bts rep_good nopl xtopology nonstop_tsc aperfmperf eagerfpu pni pclmulqdq dtes64 monitor ds_cpl vmx est tm2 ssse3 cx16 xtpr pdcm pcid sse4_1 sse4_2 x2apic popcnt tsc_deadline_timer aes xsave avx lahf_lm ida arat epb xsaveopt pln pts dtherm tpr_shadow vnmi flexpriority ept vpid
bogomips	: 4988.23
clflush size	: 64
cache_alignment	: 64
address sizes	: 36 bits physical, 48 bits virtual
power management:

processor	: 2
vendor_id	: GenuineIntel
cpu family	: 6
model		: 42
model name	: Intel(R) Core(TM) i5-2450M CPU @ 2.50GHz
stepping	: 7
microcode	: 0x1a
cpu MHz		: 2000.000
cache size	: 3072 KB
physical id	: 0
siblings	: 4
core id		: 1
cpu cores	: 2
apicid		: 2
initial apicid	: 2
fpu		: yes
fpu_exception	: yes
cpuid level	: 13
wp		: yes
flags		: fpu vme de pse tsc msr pae mce cx8 apic sep mtrr pge mca cmov pat pse36 clflush dts acpi mmx fxsr sse sse2 ss ht tm pbe syscall nx rdtscp lm constant_tsc arch_perfmon pebs bts rep_good nopl xtopology nonstop_tsc aperfmperf eagerfpu pni pclmulqdq dtes64 monitor ds_cpl vmx est tm2 ssse3 cx16 xtpr pdcm pcid sse4_1 sse4_2 x2apic popcnt tsc_deadline_timer aes xsave avx lahf_lm ida arat epb xsaveopt pln pts dtherm tpr_shadow vnmi flexpriority ept vpid
bogomips	: 4988.23
clflush size	: 64
cache_alignment	: 64
address sizes	: 36 bits physical, 48 bits virtual
power management:

processor	: 3
vendor_id	: GenuineIntel
cpu family	: 6
model		: 42
model name	: Intel(R) Core(TM) i5-2450M CPU @ 2.50GHz
stepping	: 7
microcode	: 0x1a
cpu MHz		: 2501.000
cache size	: 3072 KB
physical id	: 0
siblings	: 4
core id		: 1
cpu cores	: 2
apicid		: 3
initial apicid	: 3
fpu		: yes
fpu_exception	: yes
cpuid level	: 13
wp		: yes
flags		: fpu vme de pse tsc msr pae mce cx8 apic sep mtrr pge mca cmov pat pse36 clflush dts acpi mmx fxsr sse sse2 ss ht tm pbe syscall nx rdtscp lm constant_tsc arch_perfmon pebs bts rep_good nopl xtopology nonstop_tsc aperfmperf eagerfpu pni pclmulqdq dtes64 monitor ds_cpl vmx est tm2 ssse3 cx16 xtpr pdcm pcid sse4_1 sse4_2 x2apic popcnt tsc_deadline_timer aes xsave avx lahf_lm ida arat epb xsaveopt pln pts dtherm tpr_shadow vnmi flexpriority ept vpid
bogomips	: 4988.23
clflush size	: 64
cache_alignment	: 64
address sizes	: 36 bits physical, 48 bits virtual
power management:



Memory: 4k page, physical 8086360k(1569284k free), swap 24630268k(24630268k free)

vm_info: OpenJDK 64-Bit Server VM (24.79-b02) for linux-amd64 JRE (1.7.0_79-b14), built on Jul 24 2015 08:15:54 by "buildd" with gcc 4.8.2

time: Sun Oct 18 23:26:50 2015
elapsed time: 0 seconds

